LINK : warning LNK4098: библиотека по умолчанию "MSVCRTD" конфликтует с использованием других библиотек; используйте /NODEFAULTLIB:library
LINK : warning LNK4098: библиотека по умолчанию "LIBCMT" конфликтует с использованием других библиотек; используйте /NODEFAULTLIB:library
glfw3.lib(win32_window.obj) : error LNK2001: неразрешенный внешний символ __imp__CreateBitmap@20.
glfw3.lib(win32_window.obj) : error LNK2001: неразрешенный внешний символ __imp__CreateRectRgn@16.
glfw3.lib(win32_window.obj) : error LNK2001: неразрешенный внешний символ __imp__DeleteObject@4.
glfw3.lib(win32_window.obj) : error LNK2001: неразрешенный внешний символ __imp__CreateDIBSection@24.
glfw3.lib(win32_window.obj) : error LNK2001: неразрешенный внешний символ __imp__DragQueryFileW@16.
glfw3.lib(win32_window.obj) : error LNK2001: неразрешенный внешний символ __imp__DragQueryPoint@8.
glfw3.lib(win32_window.obj) : error LNK2001: неразрешенный внешний символ __imp__DragFinish@4.
glfw3.lib(win32_window.obj) : error LNK2001: неразрешенный внешний символ __imp__DragAcceptFiles@8.
glfw3.lib(win32_monitor.obj) : error LNK2001: неразрешенный внешний символ __imp__CreateDCW@16.
glfw3.lib(win32_monitor.obj) : error LNK2001: неразрешенный внешний символ __imp__DeleteDC@4.
glfw3.lib(win32_monitor.obj) : error LNK2001: неразрешенный внешний символ __imp__GetDeviceCaps@8.
glfw3.lib(win32_monitor.obj) : error LNK2001: неразрешенный внешний символ __imp__GetDeviceGammaRamp@8.
glfw3.lib(win32_monitor.obj) : error LNK2001: неразрешенный внешний символ __imp__SetDeviceGammaRamp@8.
glfw3.lib(wgl_context.obj) : error LNK2001: неразрешенный внешний символ __imp__ChoosePixelFormat@8.
glfw3.lib(wgl_context.obj) : error LNK2001: неразрешенный внешний символ __imp__DescribePixelFormat@16.
glfw3.lib(wgl_context.obj) : error LNK2001: неразрешенный внешний символ __imp__SetPixelFormat@12.
glfw3.lib(wgl_context.obj) : error LNK2001: неразрешенный внешний символ __imp__SwapBuffers@4.
C:\Users\user\source\repos\gameengine\gameengine\gme\Release\gme.exe : fatal error LNK1120: неразрешенных внешних элементов: 17
